Using pre-set license
Built from '2020.2/release' branch; Version is '2020.2.2f1 (068178b99f32) revision 426360'; Using compiler version '192528614'; Build Type 'Release'
OS: 'Windows 10 Home; OS build 19042.928; Version 2009; 64bit' Language: 'en' Physical Memory: 16328 MB
BatchMode: 1, IsHumanControllingUs: 0, StartBugReporterOnCrash: 0, Is64bit: 1, IsPro: 0

 COMMAND LINE ARGUMENTS:
C:\Program Files\Unity\Hub\Editor\2020.2.2f1\Editor\Unity.exe
-adb2
-batchMode
-noUpm
-name
AssetImportWorker0
-projectPath
C:/Users/valde/OneDrive/Desktop/spring 2021/GameDEV/project/SpookyGame
-logFile
Logs/AssetImportWorker0.log
-srvPort
55798
Successfully changed project path to: C:/Users/valde/OneDrive/Desktop/spring 2021/GameDEV/project/SpookyGame
C:/Users/valde/OneDrive/Desktop/spring 2021/GameDEV/project/SpookyGame
Using Asset Import Pipeline V2.
Refreshing native plugins compatible for Editor in 31.74 ms, found 2 plugins.
Preloading 0 native plugins for Editor in 0.00 ms.
Initialize engine version: 2020.2.2f1 (068178b99f32)
[Subsystems] Discovering subsystems at path C:/Program Files/Unity/Hub/Editor/2020.2.2f1/Editor/Data/Resources/UnitySubsystems
[Subsystems] Discovering subsystems at path C:/Users/valde/OneDrive/Desktop/spring 2021/GameDEV/project/SpookyGame/Assets
GfxDevice: creating device client; threaded=0
Direct3D:
    Version:  Direct3D 11.0 [level 11.1]
    Renderer: AMD Radeon RX 5600 XT (ID=0x731f)
    Vendor:   
    VRAM:     6104 MB
    Driver:   27.20.14535.1000
Initialize mono
Mono path[0] = 'C:/Program Files/Unity/Hub/Editor/2020.2.2f1/Editor/Data/Managed'
Mono path[1] = 'C:/Program Files/Unity/Hub/Editor/2020.2.2f1/Editor/Data/MonoBleedingEdge/lib/mono/unityjit'
Mono config path = 'C:/Program Files/Unity/Hub/Editor/2020.2.2f1/Editor/Data/MonoBleedingEdge/etc'
Using monoOptions --debugger-agent=transport=dt_socket,embedding=1,server=y,suspend=n,address=127.0.0.1:56000
Begin MonoManager ReloadAssembly
Registering precompiled unity dll's ...
Register platform support module: C:/Program Files/Unity/Hub/Editor/2020.2.2f1/Editor/Data/PlaybackEngines/WindowsStandaloneSupport/UnityEditor.WindowsStandalone.Extensions.dll
Registered in 0.001454 seconds.
Native extension for WindowsStandalone target not found
Refreshing native plugins compatible for Editor in 28.04 ms, found 2 plugins.
Preloading 0 native plugins for Editor in 0.00 ms.
Invoked RoslynAnalysisRunner static constructor.
RoslynAnalysisRunner will not be running.
RoslynAnalysisRunner has terminated.
Mono: successfully reloaded assembly
- Completed reload, in  0.837 seconds
Platform modules already initialized, skipping
Registering precompiled user dll's ...
Registered in 0.004674 seconds.
Begin MonoManager ReloadAssembly
Native extension for WindowsStandalone target not found
Refreshing native plugins compatible for Editor in 0.39 ms, found 2 plugins.
Preloading 0 native plugins for Editor in 0.00 ms.
Invoked RoslynAnalysisRunner static constructor.
RoslynAnalysisRunner will not be running.
RoslynAnalysisRunner has terminated.
Mono: successfully reloaded assembly
- Completed reload, in  0.668 seconds
Platform modules already initialized, skipping
========================================================================
Worker process is ready to serve import requests
Launched and connected shader compiler UnityShaderCompiler.exe after 0.03 seconds
Refreshing native plugins compatible for Editor in 0.37 ms, found 2 plugins.
Preloading 0 native plugins for Editor in 0.00 ms.
Unloading 1262 Unused Serialized files (Serialized files now loaded: 0)
System memory in use before: 71.7 MB.
System memory in use after: 71.4 MB.

Unloading 28 unused Assets to reduce memory usage. Loaded Objects now: 1738.
Total: 1.791600 ms (FindLiveObjects: 0.195800 ms CreateObjectMapping: 0.054100 ms MarkObjects: 1.294700 ms  DeleteObjects: 0.246100 ms)

========================================================================
Received Import Request.
  path: Assets/Prefab/Small_Cubicle.prefab
  artifactKey: Guid(4864b40e9b8d33c4a92a3f2e73da243e) Importer(815301076,1909f56bfc062723c751e8b465ee728b)
Start importing Assets/Prefab/Small_Cubicle.prefab using Guid(4864b40e9b8d33c4a92a3f2e73da243e) Importer(815301076,1909f56bfc062723c751e8b465ee728b)  -> (artifact id: '5e4ad3c92ce26b2a86046352dcee746e') in 0.093505 seconds
  Import took 0.095967 seconds .

========================================================================
Received Import Request.
  Time since last request: 5.312138 seconds.
  path: Assets/Prefab/wood_crate1 Variant.prefab
  artifactKey: Guid(8653e9ecc8a42664dac486ff251a50b1) Importer(815301076,1909f56bfc062723c751e8b465ee728b)
Start importing Assets/Prefab/wood_crate1 Variant.prefab using Guid(8653e9ecc8a42664dac486ff251a50b1) Importer(815301076,1909f56bfc062723c751e8b465ee728b)  -> (artifact id: '771aad5fbab0e771546d163c3a768763') in 0.061194 seconds
  Import took 0.063928 seconds .

========================================================================
Received Import Request.
  Time since last request: 0.010146 seconds.
  path: Assets/Prefab/wood_crate1 Variant.prefab
  artifactKey: Guid(8653e9ecc8a42664dac486ff251a50b1) Importer(815301076,1909f56bfc062723c751e8b465ee728b)
Start importing Assets/Prefab/wood_crate1 Variant.prefab using Guid(8653e9ecc8a42664dac486ff251a50b1) Importer(815301076,1909f56bfc062723c751e8b465ee728b)  -> (artifact id: '771aad5fbab0e771546d163c3a768763') in 0.034001 seconds
  Import took 0.036837 seconds .

