Using pre-set license
Built from '2020.2/release' branch; Version is '2020.2.2f1 (068178b99f32) revision 426360'; Using compiler version '192528614'; Build Type 'Release'
OS: 'Windows 10 Home; OS build 19041.867; Version 2004; 64bit' Language: 'en' Physical Memory: 8142 MB
BatchMode: 1, IsHumanControllingUs: 0, StartBugReporterOnCrash: 0, Is64bit: 1, IsPro: 0

 COMMAND LINE ARGUMENTS:
C:\Program Files\Unity\Hub\Editor\2020.2.2f1\Editor\Unity.exe
-adb2
-batchMode
-noUpm
-name
AssetImportWorker0
-projectPath
C:/Users/kingt/Documents/Desktop/CompSci/FinalSemester/gamedev/Horror
-logFile
Logs/AssetImportWorker0.log
-srvPort
60359
Successfully changed project path to: C:/Users/kingt/Documents/Desktop/CompSci/FinalSemester/gamedev/Horror
C:/Users/kingt/Documents/Desktop/CompSci/FinalSemester/gamedev/Horror
Using Asset Import Pipeline V2.
Refreshing native plugins compatible for Editor in 37.33 ms, found 2 plugins.
Preloading 0 native plugins for Editor in 0.00 ms.
Initialize engine version: 2020.2.2f1 (068178b99f32)
[Subsystems] Discovering subsystems at path C:/Program Files/Unity/Hub/Editor/2020.2.2f1/Editor/Data/Resources/UnitySubsystems
[Subsystems] Discovering subsystems at path C:/Users/kingt/Documents/Desktop/CompSci/FinalSemester/gamedev/Horror/Assets
GfxDevice: creating device client; threaded=0
Direct3D:
    Version:  Direct3D 11.0 [level 11.1]
    Renderer: NVIDIA GeForce GTX 1060 (ID=0x1c60)
    Vendor:   
    VRAM:     6052 MB
    Driver:   25.21.14.1694
Initialize mono
Mono path[0] = 'C:/Program Files/Unity/Hub/Editor/2020.2.2f1/Editor/Data/Managed'
Mono path[1] = 'C:/Program Files/Unity/Hub/Editor/2020.2.2f1/Editor/Data/MonoBleedingEdge/lib/mono/unityjit'
Mono config path = 'C:/Program Files/Unity/Hub/Editor/2020.2.2f1/Editor/Data/MonoBleedingEdge/etc'
Using monoOptions --debugger-agent=transport=dt_socket,embedding=1,server=y,suspend=n,address=127.0.0.1:56344
Begin MonoManager ReloadAssembly
Registering precompiled unity dll's ...
Register platform support module: C:/Program Files/Unity/Hub/Editor/2020.2.2f1/Editor/Data/PlaybackEngines/WindowsStandaloneSupport/UnityEditor.WindowsStandalone.Extensions.dll
Registered in 0.003142 seconds.
Native extension for WindowsStandalone target not found
Refreshing native plugins compatible for Editor in 35.92 ms, found 2 plugins.
Preloading 0 native plugins for Editor in 0.00 ms.
Invoked RoslynAnalysisRunner static constructor.
RoslynAnalysisRunner will not be running.
RoslynAnalysisRunner has terminated.
Mono: successfully reloaded assembly
- Completed reload, in  4.595 seconds
Platform modules already initialized, skipping
Registering precompiled user dll's ...
Registered in 0.016023 seconds.
Begin MonoManager ReloadAssembly
Native extension for WindowsStandalone target not found
Refreshing native plugins compatible for Editor in 0.56 ms, found 2 plugins.
Preloading 0 native plugins for Editor in 0.00 ms.
Invoked RoslynAnalysisRunner static constructor.
RoslynAnalysisRunner will not be running.
RoslynAnalysisRunner has terminated.
Mono: successfully reloaded assembly
- Completed reload, in  1.146 seconds
Platform modules already initialized, skipping
========================================================================
Worker process is ready to serve import requests
Launched and connected shader compiler UnityShaderCompiler.exe after 0.11 seconds
Refreshing native plugins compatible for Editor in 0.78 ms, found 2 plugins.
Preloading 0 native plugins for Editor in 0.00 ms.
Unloading 1255 Unused Serialized files (Serialized files now loaded: 0)
System memory in use before: 71.9 MB.
System memory in use after: 71.6 MB.

Unloading 28 unused Assets to reduce memory usage. Loaded Objects now: 1733.
Total: 5.044400 ms (FindLiveObjects: 2.724200 ms CreateObjectMapping: 0.294100 ms MarkObjects: 1.674600 ms  DeleteObjects: 0.350300 ms)

========================================================================
Received Import Request.
  path: Assets/Prefab/zombie/zombie kicking (2).fbx
  artifactKey: Guid(1386e9f7560d1ce4a89e7c3c812315b4) Importer(815301076,1909f56bfc062723c751e8b465ee728b)
Start importing Assets/Prefab/zombie/zombie kicking (2).fbx using Guid(1386e9f7560d1ce4a89e7c3c812315b4) Importer(815301076,1909f56bfc062723c751e8b465ee728b)  -> (artifact id: '747681e2e0283443919661bd5f64fcc3') in 0.117363 seconds
  Import took 0.120170 seconds .

========================================================================
Received Import Request.
  Time since last request: 0.000518 seconds.
  path: Assets/Prefab/Small_Cubicle.prefab
  artifactKey: Guid(4864b40e9b8d33c4a92a3f2e73da243e) Importer(815301076,1909f56bfc062723c751e8b465ee728b)
Start importing Assets/Prefab/Small_Cubicle.prefab using Guid(4864b40e9b8d33c4a92a3f2e73da243e) Importer(815301076,1909f56bfc062723c751e8b465ee728b)  -> (artifact id: 'a7f4b62f462603c733417a15f5965a28') in 0.098452 seconds
  Import took 0.101008 seconds .

========================================================================
Received Import Request.
  Time since last request: 0.000233 seconds.
  path: Assets/Prefab/zombie/TriggeredMask.mask
  artifactKey: Guid(12e9f34a1d4f7714c8ed1be6e32975bc) Importer(815301076,1909f56bfc062723c751e8b465ee728b)
Start importing Assets/Prefab/zombie/TriggeredMask.mask using Guid(12e9f34a1d4f7714c8ed1be6e32975bc) Importer(815301076,1909f56bfc062723c751e8b465ee728b)  -> (artifact id: 'be5536698da261e28568df9a5c91e14f') in 0.016065 seconds
  Import took 0.018705 seconds .

========================================================================
Received Import Request.
  Time since last request: 0.000106 seconds.
  path: Assets/Prefab/Medium_Cubicle.prefab
  artifactKey: Guid(4b61dfc98b7823945a4bdf21ef10f950) Importer(815301076,1909f56bfc062723c751e8b465ee728b)
Start importing Assets/Prefab/Medium_Cubicle.prefab using Guid(4b61dfc98b7823945a4bdf21ef10f950) Importer(815301076,1909f56bfc062723c751e8b465ee728b)  -> (artifact id: '1e350811937b3f6a4ab0555ce1e5608e') in 0.024622 seconds
  Import took 0.028240 seconds .

========================================================================
Received Import Request.
  Time since last request: 0.000452 seconds.
  path: Assets/Prefab/zombie/walking.fbx
  artifactKey: Guid(12c8619176407a040b9731642b9c78f0) Importer(815301076,1909f56bfc062723c751e8b465ee728b)
Start importing Assets/Prefab/zombie/walking.fbx using Guid(12c8619176407a040b9731642b9c78f0) Importer(815301076,1909f56bfc062723c751e8b465ee728b)  -> (artifact id: 'dacaae01bb0a57788583dfb16af8d6f7') in 0.015653 seconds
  Import took 0.018825 seconds .

========================================================================
Received Import Request.
  Time since last request: 0.000274 seconds.
  path: Assets/Prefab/zombie/zombie idle.fbx
  artifactKey: Guid(c949e17fe0f58db44954a33265d5c392) Importer(815301076,1909f56bfc062723c751e8b465ee728b)
Start importing Assets/Prefab/zombie/zombie idle.fbx using Guid(c949e17fe0f58db44954a33265d5c392) Importer(815301076,1909f56bfc062723c751e8b465ee728b)  -> (artifact id: '94725b3d5dbfef09754efc76f62c6faa') in 0.017191 seconds
  Import took 0.020867 seconds .

========================================================================
Received Import Request.
  Time since last request: 0.000243 seconds.
  path: Assets/Prefab/Entrance.prefab
  artifactKey: Guid(9a8e06ed0cfcdc24aa4611a6675316d2) Importer(815301076,1909f56bfc062723c751e8b465ee728b)
Start importing Assets/Prefab/Entrance.prefab using Guid(9a8e06ed0cfcdc24aa4611a6675316d2) Importer(815301076,1909f56bfc062723c751e8b465ee728b)  -> (artifact id: '16d1c26c03e698ddcb2fa3f916a8c7d0') in 0.023871 seconds
  Import took 0.026737 seconds .

========================================================================
Received Import Request.
  Time since last request: 0.000223 seconds.
  path: Assets/Prefab/Hallway_Section.prefab
  artifactKey: Guid(d48916ebc85be7547b25fa9f7725f6b5) Importer(815301076,1909f56bfc062723c751e8b465ee728b)
Start importing Assets/Prefab/Hallway_Section.prefab using Guid(d48916ebc85be7547b25fa9f7725f6b5) Importer(815301076,1909f56bfc062723c751e8b465ee728b)  -> (artifact id: '9817627bc75a44ae31d8270a78ddb3ae') in 0.023855 seconds
  Import took 0.026304 seconds .

========================================================================
Received Import Request.
  Time since last request: 0.000207 seconds.
  path: Assets/Prefab/zombie/zombie reaction hit.fbx
  artifactKey: Guid(7e99db8fe21b8384fad6f0a188428f62) Importer(815301076,1909f56bfc062723c751e8b465ee728b)
Start importing Assets/Prefab/zombie/zombie reaction hit.fbx using Guid(7e99db8fe21b8384fad6f0a188428f62) Importer(815301076,1909f56bfc062723c751e8b465ee728b)  -> (artifact id: '1f1fa811b20499322c7dd9385b82b0e4') in 0.017415 seconds
  Import took 0.020308 seconds .

========================================================================
Received Import Request.
  Time since last request: 0.000286 seconds.
  path: Assets/Prefab/zombie/zombie running.fbx
  artifactKey: Guid(4e98596b4da27c24aa10ff783c5a34a0) Importer(815301076,1909f56bfc062723c751e8b465ee728b)
Start importing Assets/Prefab/zombie/zombie running.fbx using Guid(4e98596b4da27c24aa10ff783c5a34a0) Importer(815301076,1909f56bfc062723c751e8b465ee728b)  -> (artifact id: '08ffaebc0587a9459927d876190c73ba') in 0.015956 seconds
  Import took 0.020010 seconds .

========================================================================
Received Import Request.
  Time since last request: 0.000219 seconds.
  path: Assets/Prefab/zombie/survivor_a_lusth@Mutant Dying 2.fbx
  artifactKey: Guid(3fa1d18af655ffa49862e2fa849b1e78) Importer(815301076,1909f56bfc062723c751e8b465ee728b)
Start importing Assets/Prefab/zombie/survivor_a_lusth@Mutant Dying 2.fbx using Guid(3fa1d18af655ffa49862e2fa849b1e78) Importer(815301076,1909f56bfc062723c751e8b465ee728b)  -> (artifact id: '42d6b928ee11f421bddfa2bf32633f4c') in 0.019026 seconds
  Import took 0.021882 seconds .

========================================================================
Received Import Request.
  Time since last request: 0.000245 seconds.
  path: Assets/Prefab/zombie/zombie stand up.fbx
  artifactKey: Guid(c2b95651969eb434c9938644a3510f01) Importer(815301076,1909f56bfc062723c751e8b465ee728b)
Start importing Assets/Prefab/zombie/zombie stand up.fbx using Guid(c2b95651969eb434c9938644a3510f01) Importer(815301076,1909f56bfc062723c751e8b465ee728b)  -> (artifact id: '14b72fd8d6b4b6193d0e7f5f0adaf531') in 0.022317 seconds
  Import took 0.027561 seconds .

========================================================================
Received Import Request.
  Time since last request: 0.000225 seconds.
  path: Assets/Prefab/zombie/zombie transition.fbx
  artifactKey: Guid(4dfa76b06dcd3b2418dd7662f66867d2) Importer(815301076,1909f56bfc062723c751e8b465ee728b)
Start importing Assets/Prefab/zombie/zombie transition.fbx using Guid(4dfa76b06dcd3b2418dd7662f66867d2) Importer(815301076,1909f56bfc062723c751e8b465ee728b)  -> (artifact id: 'faa1b71fb490e83840fb91bd951ba784') in 0.059421 seconds
  Import took 0.062588 seconds .

========================================================================
Received Import Request.
  Time since last request: 0.000206 seconds.
  path: Assets/Prefab/zombie/zombie reaction hit (2).fbx
  artifactKey: Guid(d5187ed4e3bd38f4180c53d1ea15c4df) Importer(815301076,1909f56bfc062723c751e8b465ee728b)
Start importing Assets/Prefab/zombie/zombie reaction hit (2).fbx using Guid(d5187ed4e3bd38f4180c53d1ea15c4df) Importer(815301076,1909f56bfc062723c751e8b465ee728b)  -> (artifact id: '2365d9cc32b69e2935f801681de84be8') in 0.014980 seconds
  Import took 0.017791 seconds .

========================================================================
Received Import Request.
  Time since last request: 0.000179 seconds.
  path: Assets/Prefab/zombie/zombie.prefab
  artifactKey: Guid(0562dc3b046cf134baee78dc016e363f) Importer(815301076,1909f56bfc062723c751e8b465ee728b)
Start importing Assets/Prefab/zombie/zombie.prefab using Guid(0562dc3b046cf134baee78dc016e363f) Importer(815301076,1909f56bfc062723c751e8b465ee728b)  -> (artifact id: '970b68ba7be4d35152e133deef2146b2') in 0.425558 seconds
  Import took 0.429250 seconds .

========================================================================
Received Import Request.
  Time since last request: 0.000308 seconds.
  path: Assets/Prefab/zombie/zombie agonizing.fbx
  artifactKey: Guid(aa814f1cc93c2374dbdf5904e53beebf) Importer(815301076,1909f56bfc062723c751e8b465ee728b)
Start importing Assets/Prefab/zombie/zombie agonizing.fbx using Guid(aa814f1cc93c2374dbdf5904e53beebf) Importer(815301076,1909f56bfc062723c751e8b465ee728b)  -> (artifact id: '4a6eafb586dfc0185e2a750c2af86322') in 0.021933 seconds
  Import took 0.027526 seconds .

========================================================================
Received Import Request.
  Time since last request: 0.000369 seconds.
  path: Assets/Prefab/Large_Cubicle.prefab
  artifactKey: Guid(23d6716ca97758c49aca0b2c2a4557ca) Importer(815301076,1909f56bfc062723c751e8b465ee728b)
Start importing Assets/Prefab/Large_Cubicle.prefab using Guid(23d6716ca97758c49aca0b2c2a4557ca) Importer(815301076,1909f56bfc062723c751e8b465ee728b)  -> (artifact id: '544ea18b2429e6188312bd6d4200b07e') in 0.045286 seconds
  Import took 0.056290 seconds .

========================================================================
Received Import Request.
  Time since last request: 0.000269 seconds.
  path: Assets/Prefab/zombie/zombie punching.fbx
  artifactKey: Guid(28cea65f68ced8f4dbdbead6dd31ca96) Importer(815301076,1909f56bfc062723c751e8b465ee728b)
Start importing Assets/Prefab/zombie/zombie punching.fbx using Guid(28cea65f68ced8f4dbdbead6dd31ca96) Importer(815301076,1909f56bfc062723c751e8b465ee728b)  -> (artifact id: '406da83bbb729b92366e86e9e33f6ae7') in 0.049135 seconds
  Import took 0.052729 seconds .

========================================================================
Received Import Request.
  Time since last request: 0.000241 seconds.
  path: Assets/Prefab/zombie/zombie attack.fbx
  artifactKey: Guid(550b9d9843140a648a073a0535750823) Importer(815301076,1909f56bfc062723c751e8b465ee728b)
Start importing Assets/Prefab/zombie/zombie attack.fbx using Guid(550b9d9843140a648a073a0535750823) Importer(815301076,1909f56bfc062723c751e8b465ee728b)  -> (artifact id: '36d5ebc0ac14702ae5b54a5c11de0e9c') in 0.020429 seconds
  Import took 0.024162 seconds .

========================================================================
Received Import Request.
  Time since last request: 0.000241 seconds.
  path: Assets/Prefab/zombie/survivor_a_lusth@Running.fbx
  artifactKey: Guid(3487a7f4194ccb440b1485fcb23d111e) Importer(815301076,1909f56bfc062723c751e8b465ee728b)
Start importing Assets/Prefab/zombie/survivor_a_lusth@Running.fbx using Guid(3487a7f4194ccb440b1485fcb23d111e) Importer(815301076,1909f56bfc062723c751e8b465ee728b)  -> (artifact id: '4bb96e9fa5de13e75312f28f1c00f74f') in 0.034181 seconds
  Import took 0.036980 seconds .

========================================================================
Received Import Request.
  Time since last request: 0.000062 seconds.
  path: Assets/Prefab/zombie/zombie kicking.fbx
  artifactKey: Guid(c8fffd944458b6b43ade67aab47aa496) Importer(815301076,1909f56bfc062723c751e8b465ee728b)
Start importing Assets/Prefab/zombie/zombie kicking.fbx using Guid(c8fffd944458b6b43ade67aab47aa496) Importer(815301076,1909f56bfc062723c751e8b465ee728b)  -> (artifact id: 'ce4a55c6051091190dbc4850bc8a2ce3') in 0.021462 seconds
  Import took 0.027176 seconds .

========================================================================
Received Import Request.
  Time since last request: 0.000295 seconds.
  path: Assets/Prefab/zombie/survivor_a_lusth@Mutant Dying 1.fbx
  artifactKey: Guid(e86b41d0600dcee4dab0c20750d1de96) Importer(815301076,1909f56bfc062723c751e8b465ee728b)
Start importing Assets/Prefab/zombie/survivor_a_lusth@Mutant Dying 1.fbx using Guid(e86b41d0600dcee4dab0c20750d1de96) Importer(815301076,1909f56bfc062723c751e8b465ee728b)  -> (artifact id: '3dcfc28bd7f5146f71cba2997d484e78') in 0.014549 seconds
  Import took 0.017738 seconds .

========================================================================
Received Import Request.
  Time since last request: 0.000398 seconds.
  path: Assets/Prefab/zombie/zombie stand up (2).fbx
  artifactKey: Guid(0be5b1f97f4d9164db02aa84da42619b) Importer(815301076,1909f56bfc062723c751e8b465ee728b)
Start importing Assets/Prefab/zombie/zombie stand up (2).fbx using Guid(0be5b1f97f4d9164db02aa84da42619b) Importer(815301076,1909f56bfc062723c751e8b465ee728b)  -> (artifact id: 'c999023f0d90fa33c837eafe0006e849') in 0.016165 seconds
  Import took 0.019156 seconds .

========================================================================
Received Import Request.
  Time since last request: 0.000218 seconds.
  path: Assets/Prefab/zombie/zombie punching (2).fbx
  artifactKey: Guid(d60fe05a28cf73847b26ed674345f7e9) Importer(815301076,1909f56bfc062723c751e8b465ee728b)
Start importing Assets/Prefab/zombie/zombie punching (2).fbx using Guid(d60fe05a28cf73847b26ed674345f7e9) Importer(815301076,1909f56bfc062723c751e8b465ee728b)  -> (artifact id: '7103e5af3f688f1d16cf5d01a1f35455') in 0.014669 seconds
  Import took 0.017226 seconds .

========================================================================
Received Import Request.
  Time since last request: 0.000204 seconds.
  path: Assets/Prefab/zombie/zombie idle (2).fbx
  artifactKey: Guid(7fea876158e05bd4482d2ea128948cc0) Importer(815301076,1909f56bfc062723c751e8b465ee728b)
Start importing Assets/Prefab/zombie/zombie idle (2).fbx using Guid(7fea876158e05bd4482d2ea128948cc0) Importer(815301076,1909f56bfc062723c751e8b465ee728b)  -> (artifact id: '71a0ba3b0ebe956bbafeefa96c65ca48') in 0.015118 seconds
  Import took 0.018825 seconds .

========================================================================
Received Import Request.
  Time since last request: 0.000237 seconds.
  path: Assets/Prefab/zombie/zombie idle (3).fbx
  artifactKey: Guid(ad8c8ab03fcf1c54aa92c20fcc0535aa) Importer(815301076,1909f56bfc062723c751e8b465ee728b)
Start importing Assets/Prefab/zombie/zombie idle (3).fbx using Guid(ad8c8ab03fcf1c54aa92c20fcc0535aa) Importer(815301076,1909f56bfc062723c751e8b465ee728b)  -> (artifact id: '57b611e059360dbca1f51ec1f7acb732') in 0.011345 seconds
  Import took 0.016768 seconds .

========================================================================
Received Import Request.
  Time since last request: 0.000228 seconds.
  path: Assets/Prefab/zombie/zombie headbutt.fbx
  artifactKey: Guid(893909f0b8001c743b32fd56121aad57) Importer(815301076,1909f56bfc062723c751e8b465ee728b)
Start importing Assets/Prefab/zombie/zombie headbutt.fbx using Guid(893909f0b8001c743b32fd56121aad57) Importer(815301076,1909f56bfc062723c751e8b465ee728b)  -> (artifact id: '05cc2b7783f39b633b93804f9699d125') in 0.014557 seconds
  Import took 0.017732 seconds .

========================================================================
Received Import Request.
  Time since last request: 0.000223 seconds.
  path: Assets/Prefab/zombie/zombie turn.fbx
  artifactKey: Guid(1cca577c4cbd91a458ae97bccecc7185) Importer(815301076,1909f56bfc062723c751e8b465ee728b)
Start importing Assets/Prefab/zombie/zombie turn.fbx using Guid(1cca577c4cbd91a458ae97bccecc7185) Importer(815301076,1909f56bfc062723c751e8b465ee728b)  -> (artifact id: '74850989f43fb10a0b682f9de90d6b61') in 0.015824 seconds
  Import took 0.018493 seconds .

========================================================================
Received Import Request.
  Time since last request: 0.000213 seconds.
  path: Assets/Prefab/zombie/zombie scratch idle.fbx
  artifactKey: Guid(2ddfb0808b06e4f4ea5df7c80bc649c2) Importer(815301076,1909f56bfc062723c751e8b465ee728b)
Start importing Assets/Prefab/zombie/zombie scratch idle.fbx using Guid(2ddfb0808b06e4f4ea5df7c80bc649c2) Importer(815301076,1909f56bfc062723c751e8b465ee728b)  -> (artifact id: '2b7bf4bace1912804cd4d8469253162a') in 0.017164 seconds
  Import took 0.021182 seconds .

========================================================================
Received Import Request.
  Time since last request: 0.000372 seconds.
  path: Assets/Prefab/zombie/survivor_a_lusth@Mutant Dying.fbx
  artifactKey: Guid(af73373aa0795dd4eb6197addd0d1e9c) Importer(815301076,1909f56bfc062723c751e8b465ee728b)
Start importing Assets/Prefab/zombie/survivor_a_lusth@Mutant Dying.fbx using Guid(af73373aa0795dd4eb6197addd0d1e9c) Importer(815301076,1909f56bfc062723c751e8b465ee728b)  -> (artifact id: '1feddada9cbb67153ee93e88d913a98b') in 0.016150 seconds
  Import took 0.021746 seconds .

========================================================================
Received Import Request.
  Time since last request: 0.000229 seconds.
  path: Assets/Prefab/zombie/zombie stand up (3).fbx
  artifactKey: Guid(719ce7817c6546b4eba3d4491bdb0b5b) Importer(815301076,1909f56bfc062723c751e8b465ee728b)
Start importing Assets/Prefab/zombie/zombie stand up (3).fbx using Guid(719ce7817c6546b4eba3d4491bdb0b5b) Importer(815301076,1909f56bfc062723c751e8b465ee728b)  -> (artifact id: 'c8ed226948c4977521e493089c12e826') in 0.013535 seconds
  Import took 0.016465 seconds .

========================================================================
Received Import Request.
  Time since last request: 0.000232 seconds.
  path: Assets/Prefab/zombie/zombie transition (2).fbx
  artifactKey: Guid(e155b1242950b9d419e10dbf330cdb82) Importer(815301076,1909f56bfc062723c751e8b465ee728b)
Start importing Assets/Prefab/zombie/zombie transition (2).fbx using Guid(e155b1242950b9d419e10dbf330cdb82) Importer(815301076,1909f56bfc062723c751e8b465ee728b)  -> (artifact id: 'd760f74372a9667be0b297e016fccc60') in 0.014265 seconds
  Import took 0.017424 seconds .

========================================================================
Received Import Request.
  Time since last request: 0.000220 seconds.
  path: Assets/Prefab/zombie/zombie idle (4).fbx
  artifactKey: Guid(54676e9e44ece044dad2a6622de9e409) Importer(815301076,1909f56bfc062723c751e8b465ee728b)
Start importing Assets/Prefab/zombie/zombie idle (4).fbx using Guid(54676e9e44ece044dad2a6622de9e409) Importer(815301076,1909f56bfc062723c751e8b465ee728b)  -> (artifact id: '28dd5c5039abc4709b3efc8ad1ce27d6') in 0.012762 seconds
  Import took 0.015166 seconds .

========================================================================
Received Import Request.
  Time since last request: 0.000246 seconds.
  path: Assets/Prefab/zombie/zombie stumbling.fbx
  artifactKey: Guid(fe133b3a04c03ba48b0e1987e13a90d8) Importer(815301076,1909f56bfc062723c751e8b465ee728b)
Start importing Assets/Prefab/zombie/zombie stumbling.fbx using Guid(fe133b3a04c03ba48b0e1987e13a90d8) Importer(815301076,1909f56bfc062723c751e8b465ee728b)  -> (artifact id: 'cdaf4036802487d96407fa0571b7e8d7') in 0.019505 seconds
  Import took 0.022669 seconds .

========================================================================
Received Import Request.
  Time since last request: 0.000223 seconds.
  path: Assets/Prefab/zombie/walking (2).fbx
  artifactKey: Guid(8efeed940db34ff4fbdcf3b746f45120) Importer(815301076,1909f56bfc062723c751e8b465ee728b)
Start importing Assets/Prefab/zombie/walking (2).fbx using Guid(8efeed940db34ff4fbdcf3b746f45120) Importer(815301076,1909f56bfc062723c751e8b465ee728b)  -> (artifact id: '871807ea5984c847cbf49f1366b60079') in 0.022885 seconds
  Import took 0.026425 seconds .

========================================================================
Received Import Request.
  Time since last request: 0.000077 seconds.
  path: Assets/Prefab/zombie/survivor_a_lusth.fbx
  artifactKey: Guid(639e0a60ea6d314448d75a4c4fc01346) Importer(815301076,1909f56bfc062723c751e8b465ee728b)
Start importing Assets/Prefab/zombie/survivor_a_lusth.fbx using Guid(639e0a60ea6d314448d75a4c4fc01346) Importer(815301076,1909f56bfc062723c751e8b465ee728b)  -> (artifact id: 'fed7195d68cceed553ce4fe2f0c33760') in 0.200159 seconds
  Import took 0.203522 seconds .

========================================================================
Received Import Request.
  Time since last request: 5.574139 seconds.
  path: Assets/Prefab/zombie/ZombiePrefab/zombie Variant.prefab
  artifactKey: Guid(4321c8b552069b64eacc0113a2e8a4cf) Importer(815301076,1909f56bfc062723c751e8b465ee728b)
Start importing Assets/Prefab/zombie/ZombiePrefab/zombie Variant.prefab using Guid(4321c8b552069b64eacc0113a2e8a4cf) Importer(815301076,1909f56bfc062723c751e8b465ee728b)  -> (artifact id: 'c42d263decb160e921a72548d155ee34') in 0.162014 seconds
  Import took 0.168077 seconds .

========================================================================
Received Import Request.
  Time since last request: 0.001204 seconds.
  path: Assets/Prefab/zombie/ZombiePrefab/zombie Variant.prefab
  artifactKey: Guid(4321c8b552069b64eacc0113a2e8a4cf) Importer(815301076,1909f56bfc062723c751e8b465ee728b)
Start importing Assets/Prefab/zombie/ZombiePrefab/zombie Variant.prefab using Guid(4321c8b552069b64eacc0113a2e8a4cf) Importer(815301076,1909f56bfc062723c751e8b465ee728b)  -> (artifact id: 'c42d263decb160e921a72548d155ee34') in 0.125549 seconds
  Import took 0.129342 seconds .

========================================================================
Received Import Request.
  Time since last request: 157.663151 seconds.
  path: Assets/Scripts/LocomotionAgent.cs
  artifactKey: Guid(205b5a117c48efd4d838dfc47c4b5ede) Importer(815301076,1909f56bfc062723c751e8b465ee728b)
Start importing Assets/Scripts/LocomotionAgent.cs using Guid(205b5a117c48efd4d838dfc47c4b5ede) Importer(815301076,1909f56bfc062723c751e8b465ee728b)  -> (artifact id: '4ab55fe5c2a15a1d05d6526efc202357') in 0.018731 seconds
  Import took 0.021930 seconds .

========================================================================
Received Import Request.
  Time since last request: 0.967507 seconds.
  path: Assets/Scripts/LocomotionAgent.cs
  artifactKey: Guid(205b5a117c48efd4d838dfc47c4b5ede) Importer(815301076,1909f56bfc062723c751e8b465ee728b)
Start importing Assets/Scripts/LocomotionAgent.cs using Guid(205b5a117c48efd4d838dfc47c4b5ede) Importer(815301076,1909f56bfc062723c751e8b465ee728b)  -> (artifact id: '4ab55fe5c2a15a1d05d6526efc202357') in 0.005321 seconds
  Import took 0.007783 seconds .

========================================================================
Received Prepare
Registering precompiled user dll's ...
Registered in 0.007159 seconds.
Begin MonoManager ReloadAssembly
Native extension for WindowsStandalone target not found
Refreshing native plugins compatible for Editor in 0.52 ms, found 2 plugins.
Preloading 0 native plugins for Editor in 0.00 ms.
Invoked RoslynAnalysisRunner static constructor.
RoslynAnalysisRunner will not be running.
RoslynAnalysisRunner has terminated.
Mono: successfully reloaded assembly
- Completed reload, in  1.092 seconds
Platform modules already initialized, skipping
Refreshing native plugins compatible for Editor in 0.40 ms, found 2 plugins.
Preloading 0 native plugins for Editor in 0.00 ms.
Unloading 1229 Unused Serialized files (Serialized files now loaded: 0)
System memory in use before: 85.8 MB.
System memory in use after: 85.5 MB.

Unloading 25 unused Assets to reduce memory usage. Loaded Objects now: 1747.
Total: 2.033500 ms (FindLiveObjects: 0.198300 ms CreateObjectMapping: 0.077500 ms MarkObjects: 1.427700 ms  DeleteObjects: 0.328700 ms)

========================================================================
Received Import Request.
  Time since last request: 6.389409 seconds.
  path: Assets/Scripts/LookAt.cs
  artifactKey: Guid(96daef6ac185d6d42b10617a1a6a4355) Importer(815301076,1909f56bfc062723c751e8b465ee728b)
Start importing Assets/Scripts/LookAt.cs using Guid(96daef6ac185d6d42b10617a1a6a4355) Importer(815301076,1909f56bfc062723c751e8b465ee728b)  -> (artifact id: '6d462489a301ef4fd3586682041db914') in 0.009582 seconds
  Import took 0.012150 seconds .

========================================================================
Received Prepare
Registering precompiled user dll's ...
Registered in 0.006705 seconds.
Begin MonoManager ReloadAssembly
Native extension for WindowsStandalone target not found
Refreshing native plugins compatible for Editor in 0.45 ms, found 2 plugins.
Preloading 0 native plugins for Editor in 0.00 ms.
Invoked RoslynAnalysisRunner static constructor.
RoslynAnalysisRunner will not be running.
RoslynAnalysisRunner has terminated.
Mono: successfully reloaded assembly
- Completed reload, in  0.852 seconds
Platform modules already initialized, skipping
Refreshing native plugins compatible for Editor in 0.44 ms, found 2 plugins.
Preloading 0 native plugins for Editor in 0.00 ms.
Unloading 1228 Unused Serialized files (Serialized files now loaded: 0)
System memory in use before: 86.7 MB.
System memory in use after: 86.5 MB.

Unloading 24 unused Assets to reduce memory usage. Loaded Objects now: 1748.
Total: 2.753000 ms (FindLiveObjects: 0.478200 ms CreateObjectMapping: 0.117000 ms MarkObjects: 1.784900 ms  DeleteObjects: 0.371600 ms)

========================================================================
Received Import Request.
  Time since last request: 6.254922 seconds.
  path: Assets/Scripts/MoveToTarget.cs
  artifactKey: Guid(8d7e2053833c6364fa399a3658441603) Importer(815301076,1909f56bfc062723c751e8b465ee728b)
Start importing Assets/Scripts/MoveToTarget.cs using Guid(8d7e2053833c6364fa399a3658441603) Importer(815301076,1909f56bfc062723c751e8b465ee728b)  -> (artifact id: 'b29aea7f5fbbe69f018b42da14459817') in 0.009912 seconds
  Import took 0.013085 seconds .

========================================================================
Received Prepare
Registering precompiled user dll's ...
Registered in 0.009960 seconds.
Begin MonoManager ReloadAssembly
Native extension for WindowsStandalone target not found
Refreshing native plugins compatible for Editor in 0.39 ms, found 2 plugins.
Preloading 0 native plugins for Editor in 0.00 ms.
Invoked RoslynAnalysisRunner static constructor.
RoslynAnalysisRunner will not be running.
RoslynAnalysisRunner has terminated.
Mono: successfully reloaded assembly
- Completed reload, in  1.037 seconds
Platform modules already initialized, skipping
Refreshing native plugins compatible for Editor in 0.44 ms, found 2 plugins.
Preloading 0 native plugins for Editor in 0.00 ms.
Unloading 1227 Unused Serialized files (Serialized files now loaded: 0)
System memory in use before: 86.6 MB.
System memory in use after: 86.4 MB.

Unloading 24 unused Assets to reduce memory usage. Loaded Objects now: 1749.
Total: 2.408200 ms (FindLiveObjects: 0.348400 ms CreateObjectMapping: 0.140400 ms MarkObjects: 1.557600 ms  DeleteObjects: 0.360200 ms)

